<?xml version="1.0" encoding="UTF-8"?>
<testng-results skipped="0" failed="0" total="2" passed="2">
  <reporter-output>
  </reporter-output>
  <suite name="Default Suite" duration-ms="13360" started-at="2022-01-12T14:13:11Z" finished-at="2022-01-12T14:13:25Z">
    <groups>
    </groups>
    <test name="TestingUdemy" duration-ms="13360" started-at="2022-01-12T14:13:11Z" finished-at="2022-01-12T14:13:25Z">
      <class name="TestClass1">
        <test-method status="PASS" signature="launchDriver()[pri:0, instance:TestClass1@26ba2a48]" name="launchDriver" is-config="true" duration-ms="3946" started-at="2022-01-12T16:13:11Z" finished-at="2022-01-12T16:13:15Z">
          <reporter-output>
          </reporter-output>
        </test-method> <!-- launchDriver -->
        <test-method status="PASS" signature="Test1()[pri:0, instance:TestClass1@26ba2a48]" name="Test1" duration-ms="2447" started-at="2022-01-12T16:13:15Z" finished-at="2022-01-12T16:13:18Z">
          <reporter-output>
          </reporter-output>
        </test-method> <!-- Test1 -->
        <test-method status="PASS" signature="quit()[pri:0, instance:TestClass1@26ba2a48]" name="quit" is-config="true" duration-ms="750" started-at="2022-01-12T16:13:18Z" finished-at="2022-01-12T16:13:19Z">
          <reporter-output>
          </reporter-output>
        </test-method> <!-- quit -->
        <test-method status="PASS" signature="launchDriver()[pri:0, instance:TestClass1@26ba2a48]" name="launchDriver" is-config="true" duration-ms="2639" started-at="2022-01-12T16:13:19Z" finished-at="2022-01-12T16:13:21Z">
          <reporter-output>
          </reporter-output>
        </test-method> <!-- launchDriver -->
        <test-method status="PASS" signature="Test3()[pri:0, instance:TestClass1@26ba2a48]" name="Test3" duration-ms="2838" started-at="2022-01-12T16:13:21Z" finished-at="2022-01-12T16:13:24Z">
          <reporter-output>
          </reporter-output>
        </test-method> <!-- Test3 -->
        <test-method status="PASS" signature="quit()[pri:0, instance:TestClass1@26ba2a48]" name="quit" is-config="true" duration-ms="713" started-at="2022-01-12T16:13:24Z" finished-at="2022-01-12T16:13:25Z">
          <reporter-output>
          </reporter-output>
        </test-method> <!-- quit -->
      </class> <!-- TestClass1 -->
    </test> <!-- TestingUdemy -->
  </suite> <!-- Default Suite -->
</testng-results>
